[START] 2026-03-21 15:37:38
[INFO] hostname=dhler2u04-fat
[INFO] repo_dir=/mnt/beegfs/2a/mb12724/theory-language-modelling
[INFO] run_script=/mnt/beegfs/2a/mb12724/theory-language-modelling/run_rhm_transformer_single.py
[INFO] output_dir=/mnt/beegfs/2a/mb12724/theory-language-modelling/results/rhm_transformer_bluecurve_seed0
[INFO] array_index=4
[INFO] train_size=65536
[INFO] test_size=32768
[INFO] batch_size=128
[INFO] max_epochs=300
[INFO] seed_rules=0
[INFO] seed_sample=0
[INFO] seed_model=0
[INFO] device=cuda
[INFO] conda_env_name=theory-lm
[INFO] python_bin=python
[INFO] which_python=/home/2a/mb12724/miniconda3/envs/theory-lm/bin/python
[INFO] python_version=Python 3.10.20
[INFO] orig_cuda_visible_devices=GPU-414e49aa-74e2-8d6b-4cdf-ca4f860acc42
[INFO] cuda_visible_devices=0
[INFO] nvidia-smi:
Sat Mar 21 15:37:38 2026       
+-----------------------------------------------------------------------------+
| NVIDIA-SMI 470.57.02    Driver Version: 470.57.02    CUDA Version: 11.4     |
|-------------------------------+----------------------+----------------------+
| GPU  Name        Persistence-M| Bus-Id        Disp.A | Volatile Uncorr. ECC |
| Fan  Temp  Perf  Pwr:Usage/Cap|         Memory-Usage | GPU-Util  Compute M. |
|                               |                      |               MIG M. |
|===============================+======================+======================|
|   0  Tesla V100-SXM2...  On   | 00000000:3B:00.0 Off |                    0 |
| N/A   31C    P0    41W / 300W |     15MiB / 32510MiB |      0%      Default |
|                               |                      |                  N/A |
+-------------------------------+----------------------+----------------------+
                                                                               
+-----------------------------------------------------------------------------+
| Processes:                                                                  |
|  GPU   GI   CI        PID   Type   Process name                  GPU Memory |
|        ID   ID                                                   Usage      |
|=============================================================================|
|    0   N/A  N/A      2375      G   /usr/libexec/Xorg                  14MiB |
+-----------------------------------------------------------------------------+
[INFO] torch_cuda_probe:
torch_version = 1.12.1+cu113
cuda_runtime = 11.3
cuda_available = True
cuda_device_count = 1
cuda_device_0 = Tesla V100-SXM2-32GB
[CMD] python -u /mnt/beegfs/2a/mb12724/theory-language-modelling/run_rhm_transformer_single.py --repo_dir /mnt/beegfs/2a/mb12724/theory-language-modelling --output_dir /mnt/beegfs/2a/mb12724/theory-language-modelling/results/rhm_transformer_bluecurve_seed0 --python_bin python --device cuda --train_size 65536 --test_size 32768 --batch_size 128 --max_epochs 300 --seed_rules 0 --seed_sample 0 --seed_model 0 --tag paper_L3_s2_v32_m8_bluecurve_seed0
[RUN] launching blue-curve point P=65536
[INFO] Running one RHM transformer training
[INFO] repo_dir=/mnt/beegfs/2a/mb12724/theory-language-modelling
[INFO] output_dir=/mnt/beegfs/2a/mb12724/theory-language-modelling/results/rhm_transformer_bluecurve_seed0
[INFO] outname=/mnt/beegfs/2a/mb12724/theory-language-modelling/results/rhm_transformer_bluecurve_seed0/paper_L3_s2_v32_m8_bluecurve_seed0_P65536_sr0_ss0_sm0.pkl
[INFO] effective_batch_size=128
[CMD] python -u /mnt/beegfs/2a/mb12724/theory-language-modelling/main.py --device cuda --dataset rhm --mode masked --num_features 32 --num_classes 32 --num_synonyms 8 --tuple_size 2 --num_layers 3 --seed_rules 0 --num_tokens 8 --train_size 65536 --batch_size 128 --test_size 32768 --seed_sample 0 --input_format onehot --whitening 0 --model transformer_mla --depth 3 --num_heads 16 --embedding_dim 512 --seed_model 0 --lr 0.01 --optim adam --scheduler warmup --scheduler_time 10 --max_epochs 300 --print_freq 10 --save_freq 25 --loss_threshold 0.001 --outname /mnt/beegfs/2a/mb12724/theory-language-modelling/results/rhm_transformer_bluecurve_seed0/paper_L3_s2_v32_m8_bluecurve_seed0_P65536_sr0_ss0_sm0.pkl
[INFO] OMP_NUM_THREADS=4
[INFO] MKL_NUM_THREADS=1

A module that was compiled using NumPy 1.x cannot be run in
NumPy 2.2.6 as it may crash. To support both 1.x and 2.x
versions of NumPy, modules must be compiled with NumPy 2.0.
Some module may need to rebuild instead e.g. with 'pybind11>=2.12'.

If you are a user of the module, the easiest solution will be to
downgrade to 'numpy<2' or try to upgrade the affected module.
We expect that some modules will need time to support NumPy 2.

Traceback (most recent call last):  File "/mnt/beegfs/2a/mb12724/theory-language-modelling/main.py", line 166, in <module>
    run( args)
  File "/mnt/beegfs/2a/mb12724/theory-language-modelling/main.py", line 40, in run
    train_loader, test_loader = init.init_data( args)
  File "/mnt/beegfs/2a/mb12724/theory-language-modelling/init.py", line 41, in init_data
    dataset = datasets.RandomHierarchyModel(
  File "/mnt/beegfs/2a/mb12724/theory-language-modelling/datasets/random_hierarchy_model.py", line 111, in __init__
    rules = sample_rules( num_features, num_classes, num_synonyms, tuple_size, num_layers, seed=seed_rules)
  File "/mnt/beegfs/2a/mb12724/theory-language-modelling/datasets/random_hierarchy_model.py", line 31, in sample_rules
    rules[0] = torch.tensor(
/mnt/beegfs/2a/mb12724/theory-language-modelling/datasets/random_hierarchy_model.py:31: UserWarning: Failed to initialize NumPy: _ARRAY_API not found (Triggered internally at  ../torch/csrc/utils/tensor_numpy.cpp:68.)
  rules[0] = torch.tensor(
Epoch :  1 	 train loss: 3.5413 ,test loss: 3.5422 , test acc.: 0.01 , epoch time: 3.604694
Epoch :  2 	 train loss: 2.7269 ,test loss: 2.2375 , test acc.: 0.15 , epoch time: 3.785679
Epoch :  3 	 train loss: 2.2528 ,test loss: 2.2110 , test acc.: 0.15 , epoch time: 3.846811
Epoch :  5 	 train loss: 2.2442 ,test loss: 2.2255 , test acc.: 0.15 , epoch time: 3.818219
Epoch :  6 	 train loss: 2.2516 ,test loss: 2.2348 , test acc.: 0.16 , epoch time: 3.842471
Epoch :  7 	 train loss: 2.2387 ,test loss: 2.2399 , test acc.: 0.18 , epoch time: 3.860152
Epoch :  10 	 train loss: 2.0498 ,test loss: 1.9629 , test acc.: 0.28 , epoch time: 3.814146
Epoch :  20 	 train loss: 1.1497 ,test loss: 1.4408 , test acc.: 0.43 , epoch time: 3.716878
Epoch :  30 	 train loss: 0.6627 ,test loss: 1.9050 , test acc.: 0.42 , epoch time: 3.683645
Epoch :  40 	 train loss: 0.4041 ,test loss: 2.3903 , test acc.: 0.41 , epoch time: 3.667793
Epoch :  50 	 train loss: 0.2868 ,test loss: 2.8077 , test acc.: 0.41 , epoch time: 3.657634
Epoch :  60 	 train loss: 0.2302 ,test loss: 3.0806 , test acc.: 0.41 , epoch time: 3.651514
Epoch :  70 	 train loss: 0.2165 ,test loss: 3.2605 , test acc.: 0.41 , epoch time: 3.646662
Epoch :  80 	 train loss: 0.1844 ,test loss: 3.3735 , test acc.: 0.42 , epoch time: 3.643442
Epoch :  90 	 train loss: 0.1536 ,test loss: 3.6218 , test acc.: 0.41 , epoch time: 3.640515
Epoch :  100 	 train loss: 0.1225 ,test loss: 3.7837 , test acc.: 0.41 , epoch time: 3.638586
Epoch :  110 	 train loss: 0.1149 ,test loss: 4.0404 , test acc.: 0.41 , epoch time: 3.636686
Epoch :  120 	 train loss: 0.0984 ,test loss: 3.9557 , test acc.: 0.41 , epoch time: 3.635511
Epoch :  130 	 train loss: 0.0932 ,test loss: 4.0604 , test acc.: 0.41 , epoch time: 3.634217
Epoch :  140 	 train loss: 0.0528 ,test loss: 4.2077 , test acc.: 0.41 , epoch time: 3.633428
Epoch :  150 	 train loss: 0.0387 ,test loss: 4.6591 , test acc.: 0.42 , epoch time: 3.632329
Epoch :  160 	 train loss: 0.0412 ,test loss: 4.4446 , test acc.: 0.41 , epoch time: 3.631703
Epoch :  170 	 train loss: 0.0238 ,test loss: 4.7741 , test acc.: 0.41 , epoch time: 3.630892
Epoch :  180 	 train loss: 0.0159 ,test loss: 5.0314 , test acc.: 0.41 , epoch time: 3.630436
Epoch :  190 	 train loss: 0.0072 ,test loss: 4.7201 , test acc.: 0.42 , epoch time: 3.629738
Epoch :  200 	 train loss: 0.0165 ,test loss: 4.8565 , test acc.: 0.42 , epoch time: 3.629402
Epoch :  210 	 train loss: 0.0199 ,test loss: 4.7294 , test acc.: 0.42 , epoch time: 3.628808
Epoch :  220 	 train loss: 0.0247 ,test loss: 4.6758 , test acc.: 0.42 , epoch time: 3.628378
Epoch :  230 	 train loss: 0.0113 ,test loss: 4.9208 , test acc.: 0.42 , epoch time: 3.628053
Epoch :  240 	 train loss: 0.0022 ,test loss: 4.5462 , test acc.: 0.43 , epoch time: 3.627724
Epoch :  250 	 train loss: 0.0016 ,test loss: 4.6863 , test acc.: 0.43 , epoch time: 3.627305
Epoch :  260 	 train loss: 0.0010 ,test loss: 4.9302 , test acc.: 0.43 , epoch time: 3.627180
Epoch :  270 	 train loss: 0.0009 ,test loss: 4.9886 , test acc.: 0.43 , epoch time: 3.626848
[END] 2026-03-21 15:54:06 return_code=0
