[START] 2026-03-21 15:46:44
[INFO] hostname=dhler2u03-fat
[INFO] repo_dir=/mnt/beegfs/2a/mb12724/theory-language-modelling
[INFO] run_script=/mnt/beegfs/2a/mb12724/theory-language-modelling/run_rhm_transformer_single.py
[INFO] output_dir=/mnt/beegfs/2a/mb12724/theory-language-modelling/results/rhm_transformer_bluecurve_seed0
[INFO] array_index=0
[INFO] train_size=256
[INFO] test_size=32768
[INFO] batch_size=128
[INFO] max_epochs=300
[INFO] seed_rules=0
[INFO] seed_sample=0
[INFO] seed_model=0
[INFO] device=cuda
[INFO] conda_env_name=theory-lm
[INFO] python_bin=python
[INFO] which_python=/home/2a/mb12724/miniconda3/envs/theory-lm/bin/python
[INFO] python_version=Python 3.10.20
[INFO] orig_cuda_visible_devices=GPU-84587d46-ca8a-5dec-0076-a78f23c532dd
[INFO] cuda_visible_devices=0
[INFO] nvidia-smi:
Sat Mar 21 15:46:44 2026       
+-----------------------------------------------------------------------------+
| NVIDIA-SMI 470.57.02    Driver Version: 470.57.02    CUDA Version: 11.4     |
|-------------------------------+----------------------+----------------------+
| GPU  Name        Persistence-M| Bus-Id        Disp.A | Volatile Uncorr. ECC |
| Fan  Temp  Perf  Pwr:Usage/Cap|         Memory-Usage | GPU-Util  Compute M. |
|                               |                      |               MIG M. |
|===============================+======================+======================|
|   0  Tesla V100-SXM2...  On   | 00000000:3B:00.0 Off |                    0 |
| N/A   35C    P0    40W / 300W |     15MiB / 32510MiB |      0%      Default |
|                               |                      |                  N/A |
+-------------------------------+----------------------+----------------------+
                                                                               
+-----------------------------------------------------------------------------+
| Processes:                                                                  |
|  GPU   GI   CI        PID   Type   Process name                  GPU Memory |
|        ID   ID                                                   Usage      |
|=============================================================================|
|    0   N/A  N/A      2351      G   /usr/libexec/Xorg                  14MiB |
+-----------------------------------------------------------------------------+
[INFO] torch_cuda_probe:
torch_version = 1.12.1+cu113
cuda_runtime = 11.3
cuda_available = True
cuda_device_count = 1
cuda_device_0 = Tesla V100-SXM2-32GB
[CMD] python -u /mnt/beegfs/2a/mb12724/theory-language-modelling/run_rhm_transformer_single.py --repo_dir /mnt/beegfs/2a/mb12724/theory-language-modelling --output_dir /mnt/beegfs/2a/mb12724/theory-language-modelling/results/rhm_transformer_bluecurve_seed0 --python_bin python --device cuda --train_size 256 --test_size 32768 --batch_size 128 --max_epochs 300 --seed_rules 0 --seed_sample 0 --seed_model 0 --tag paper_L3_s2_v32_m8_bluecurve_seed0
[RUN] launching blue-curve point P=256
[INFO] Running one RHM transformer training
[INFO] repo_dir=/mnt/beegfs/2a/mb12724/theory-language-modelling
[INFO] output_dir=/mnt/beegfs/2a/mb12724/theory-language-modelling/results/rhm_transformer_bluecurve_seed0
[INFO] outname=/mnt/beegfs/2a/mb12724/theory-language-modelling/results/rhm_transformer_bluecurve_seed0/paper_L3_s2_v32_m8_bluecurve_seed0_P256_sr0_ss0_sm0.pkl
[INFO] effective_batch_size=128
[CMD] python -u /mnt/beegfs/2a/mb12724/theory-language-modelling/main.py --device cuda --dataset rhm --mode masked --num_features 32 --num_classes 32 --num_synonyms 8 --tuple_size 2 --num_layers 3 --seed_rules 0 --num_tokens 8 --train_size 256 --batch_size 128 --test_size 32768 --seed_sample 0 --input_format onehot --whitening 0 --model transformer_mla --depth 3 --num_heads 16 --embedding_dim 512 --seed_model 0 --lr 0.01 --optim adam --scheduler warmup --scheduler_time 10 --max_epochs 300 --print_freq 10 --save_freq 25 --loss_threshold 0.001 --outname /mnt/beegfs/2a/mb12724/theory-language-modelling/results/rhm_transformer_bluecurve_seed0/paper_L3_s2_v32_m8_bluecurve_seed0_P256_sr0_ss0_sm0.pkl
[INFO] OMP_NUM_THREADS=4
[INFO] MKL_NUM_THREADS=1

A module that was compiled using NumPy 1.x cannot be run in
NumPy 2.2.6 as it may crash. To support both 1.x and 2.x
versions of NumPy, modules must be compiled with NumPy 2.0.
Some module may need to rebuild instead e.g. with 'pybind11>=2.12'.

If you are a user of the module, the easiest solution will be to
downgrade to 'numpy<2' or try to upgrade the affected module.
We expect that some modules will need time to support NumPy 2.

Traceback (most recent call last):  File "/mnt/beegfs/2a/mb12724/theory-language-modelling/main.py", line 166, in <module>
    run( args)
  File "/mnt/beegfs/2a/mb12724/theory-language-modelling/main.py", line 40, in run
    train_loader, test_loader = init.init_data( args)
  File "/mnt/beegfs/2a/mb12724/theory-language-modelling/init.py", line 41, in init_data
    dataset = datasets.RandomHierarchyModel(
  File "/mnt/beegfs/2a/mb12724/theory-language-modelling/datasets/random_hierarchy_model.py", line 111, in __init__
    rules = sample_rules( num_features, num_classes, num_synonyms, tuple_size, num_layers, seed=seed_rules)
  File "/mnt/beegfs/2a/mb12724/theory-language-modelling/datasets/random_hierarchy_model.py", line 31, in sample_rules
    rules[0] = torch.tensor(
/mnt/beegfs/2a/mb12724/theory-language-modelling/datasets/random_hierarchy_model.py:31: UserWarning: Failed to initialize NumPy: _ARRAY_API not found (Triggered internally at  ../torch/csrc/utils/tensor_numpy.cpp:68.)
  rules[0] = torch.tensor(
Epoch :  1 	 train loss: 3.5310 ,test loss: 3.5427 , test acc.: 0.01 , epoch time: 0.022763
Epoch :  2 	 train loss: 3.4932 ,test loss: 3.4673 , test acc.: 0.05 , epoch time: 0.213408
Epoch :  3 	 train loss: 3.4030 ,test loss: 3.4935 , test acc.: 0.04 , epoch time: 0.278310
Epoch :  5 	 train loss: 3.3714 ,test loss: 3.5853 , test acc.: 0.05 , epoch time: 0.250238
Epoch :  6 	 train loss: 3.3465 ,test loss: 3.5449 , test acc.: 0.05 , epoch time: 0.276163
Epoch :  7 	 train loss: 3.3007 ,test loss: 3.5143 , test acc.: 0.05 , epoch time: 0.294606
Epoch :  10 	 train loss: 3.1366 ,test loss: 3.5007 , test acc.: 0.06 , epoch time: 0.249285
Epoch :  20 	 train loss: 1.8676 ,test loss: 4.2460 , test acc.: 0.07 , epoch time: 0.151368
Epoch :  30 	 train loss: 0.4073 ,test loss: 5.6587 , test acc.: 0.09 , epoch time: 0.118732
Epoch :  40 	 train loss: 0.0122 ,test loss: 8.1873 , test acc.: 0.10 , epoch time: 0.102373
Epoch :  50 	 train loss: 0.0012 ,test loss: 9.5864 , test acc.: 0.09 , epoch time: 0.092281
Epoch :  60 	 train loss: 0.0004 ,test loss: 9.9818 , test acc.: 0.10 , epoch time: 0.085772
[END] 2026-03-21 15:46:56 return_code=0
