[START] 2026-03-21 15:35:18
[INFO] hostname=dhler2u03-fat
[INFO] repo_dir=/mnt/beegfs/2a/mb12724/theory-language-modelling
[INFO] run_script=/mnt/beegfs/2a/mb12724/theory-language-modelling/run_rhm_transformer_single.py
[INFO] output_dir=/mnt/beegfs/2a/mb12724/theory-language-modelling/results/rhm_transformer_single
[INFO] train_size=32768
[INFO] test_size=32768
[INFO] batch_size=128
[INFO] max_epochs=300
[INFO] seed_rules=0
[INFO] seed_sample=0
[INFO] seed_model=0
[INFO] device=cuda
[INFO] conda_env_name=theory-lm
[INFO] python_bin=python
[INFO] which_python=/home/2a/mb12724/miniconda3/envs/theory-lm/bin/python
[INFO] python_version=Python 3.10.20
[INFO] cuda_visible_devices=GPU-84587d46-ca8a-5dec-0076-a78f23c532dd
[INFO] nvidia-smi:
Sat Mar 21 15:35:19 2026       
+-----------------------------------------------------------------------------+
| NVIDIA-SMI 470.57.02    Driver Version: 470.57.02    CUDA Version: 11.4     |
|-------------------------------+----------------------+----------------------+
| GPU  Name        Persistence-M| Bus-Id        Disp.A | Volatile Uncorr. ECC |
| Fan  Temp  Perf  Pwr:Usage/Cap|         Memory-Usage | GPU-Util  Compute M. |
|                               |                      |               MIG M. |
|===============================+======================+======================|
|   0  Tesla V100-SXM2...  On   | 00000000:3B:00.0 Off |                    0 |
| N/A   32C    P0    40W / 300W |     15MiB / 32510MiB |      0%      Default |
|                               |                      |                  N/A |
+-------------------------------+----------------------+----------------------+
                                                                               
+-----------------------------------------------------------------------------+
| Processes:                                                                  |
|  GPU   GI   CI        PID   Type   Process name                  GPU Memory |
|        ID   ID                                                   Usage      |
|=============================================================================|
|    0   N/A  N/A      2351      G   /usr/libexec/Xorg                  14MiB |
+-----------------------------------------------------------------------------+
[CMD] python -u /mnt/beegfs/2a/mb12724/theory-language-modelling/run_rhm_transformer_single.py --repo_dir /mnt/beegfs/2a/mb12724/theory-language-modelling --output_dir /mnt/beegfs/2a/mb12724/theory-language-modelling/results/rhm_transformer_single --python_bin python --device cuda --train_size 32768 --test_size 32768 --batch_size 128 --max_epochs 300 --seed_rules 0 --seed_sample 0 --seed_model 0 --tag paper_L3_s2_v32_m8
[RUN] launching single RHM transformer training
[INFO] Running one RHM transformer training
[INFO] repo_dir=/mnt/beegfs/2a/mb12724/theory-language-modelling
[INFO] output_dir=/mnt/beegfs/2a/mb12724/theory-language-modelling/results/rhm_transformer_single
[INFO] outname=/mnt/beegfs/2a/mb12724/theory-language-modelling/results/rhm_transformer_single/paper_L3_s2_v32_m8_P32768_sr0_ss0_sm0.pkl
[INFO] effective_batch_size=128
[CMD] python -u /mnt/beegfs/2a/mb12724/theory-language-modelling/main.py --device cuda --dataset rhm --mode masked --num_features 32 --num_classes 32 --num_synonyms 8 --tuple_size 2 --num_layers 3 --seed_rules 0 --num_tokens 8 --train_size 32768 --batch_size 128 --test_size 32768 --seed_sample 0 --input_format onehot --whitening 0 --model transformer_mla --depth 3 --num_heads 16 --embedding_dim 512 --seed_model 0 --lr 0.01 --optim adam --scheduler warmup --scheduler_time 10 --max_epochs 300 --print_freq 10 --save_freq 25 --loss_threshold 0.001 --outname /mnt/beegfs/2a/mb12724/theory-language-modelling/results/rhm_transformer_single/paper_L3_s2_v32_m8_P32768_sr0_ss0_sm0.pkl
[INFO] OMP_NUM_THREADS=4
[INFO] MKL_NUM_THREADS=1

A module that was compiled using NumPy 1.x cannot be run in
NumPy 2.2.6 as it may crash. To support both 1.x and 2.x
versions of NumPy, modules must be compiled with NumPy 2.0.
Some module may need to rebuild instead e.g. with 'pybind11>=2.12'.

If you are a user of the module, the easiest solution will be to
downgrade to 'numpy<2' or try to upgrade the affected module.
We expect that some modules will need time to support NumPy 2.

Traceback (most recent call last):  File "/mnt/beegfs/2a/mb12724/theory-language-modelling/main.py", line 166, in <module>
    run( args)
  File "/mnt/beegfs/2a/mb12724/theory-language-modelling/main.py", line 40, in run
    train_loader, test_loader = init.init_data( args)
  File "/mnt/beegfs/2a/mb12724/theory-language-modelling/init.py", line 41, in init_data
    dataset = datasets.RandomHierarchyModel(
  File "/mnt/beegfs/2a/mb12724/theory-language-modelling/datasets/random_hierarchy_model.py", line 111, in __init__
    rules = sample_rules( num_features, num_classes, num_synonyms, tuple_size, num_layers, seed=seed_rules)
  File "/mnt/beegfs/2a/mb12724/theory-language-modelling/datasets/random_hierarchy_model.py", line 31, in sample_rules
    rules[0] = torch.tensor(
/mnt/beegfs/2a/mb12724/theory-language-modelling/datasets/random_hierarchy_model.py:31: UserWarning: Failed to initialize NumPy: _ARRAY_API not found (Triggered internally at  ../torch/csrc/utils/tensor_numpy.cpp:68.)
  rules[0] = torch.tensor(
Epoch :  1 	 train loss: 3.5423 ,test loss: 3.5402 , test acc.: 0.01 , epoch time: 1.828285
Epoch :  2 	 train loss: 3.1264 ,test loss: 2.4798 , test acc.: 0.16 , epoch time: 2.008995
Epoch :  3 	 train loss: 2.3361 ,test loss: 2.2619 , test acc.: 0.15 , epoch time: 2.071094
Epoch :  5 	 train loss: 2.2764 ,test loss: 2.2587 , test acc.: 0.15 , epoch time: 2.041875
Epoch :  6 	 train loss: 2.2825 ,test loss: 2.3005 , test acc.: 0.14 , epoch time: 2.066702
Epoch :  7 	 train loss: 2.2791 ,test loss: 2.2845 , test acc.: 0.16 , epoch time: 2.084312
Epoch :  10 	 train loss: 2.3045 ,test loss: 2.2918 , test acc.: 0.15 , epoch time: 2.038936
Epoch :  20 	 train loss: 1.6527 ,test loss: 1.9534 , test acc.: 0.32 , epoch time: 1.940526
Epoch :  30 	 train loss: 0.9979 ,test loss: 2.2527 , test acc.: 0.34 , epoch time: 1.907221
Epoch :  40 	 train loss: 0.6620 ,test loss: 2.8040 , test acc.: 0.33 , epoch time: 1.890925
Epoch :  50 	 train loss: 0.5537 ,test loss: 3.1329 , test acc.: 0.33 , epoch time: 1.880372
Epoch :  60 	 train loss: 0.4171 ,test loss: 3.3249 , test acc.: 0.33 , epoch time: 1.873106
Epoch :  70 	 train loss: 0.4466 ,test loss: 3.4786 , test acc.: 0.32 , epoch time: 1.867441
Epoch :  80 	 train loss: 0.4972 ,test loss: 3.5526 , test acc.: 0.31 , epoch time: 1.862845
Epoch :  90 	 train loss: 0.5162 ,test loss: 3.3511 , test acc.: 0.31 , epoch time: 1.858061
Epoch :  100 	 train loss: 0.5254 ,test loss: 3.4314 , test acc.: 0.31 , epoch time: 1.854396
Epoch :  110 	 train loss: 0.6412 ,test loss: 3.1623 , test acc.: 0.30 , epoch time: 1.851228
Epoch :  120 	 train loss: 0.7723 ,test loss: 3.0031 , test acc.: 0.30 , epoch time: 1.848613
Epoch :  130 	 train loss: 0.8674 ,test loss: 2.7265 , test acc.: 0.30 , epoch time: 1.846592
Epoch :  140 	 train loss: 1.0813 ,test loss: 2.5870 , test acc.: 0.29 , epoch time: 1.844696
Epoch :  150 	 train loss: 1.6768 ,test loss: 2.2759 , test acc.: 0.25 , epoch time: 1.843037
Epoch :  160 	 train loss: 2.3382 ,test loss: 2.4343 , test acc.: 0.17 , epoch time: 1.841726
Epoch :  170 	 train loss: 2.4747 ,test loss: 2.5270 , test acc.: 0.14 , epoch time: 1.840429
Epoch :  180 	 train loss: 2.3158 ,test loss: 2.3744 , test acc.: 0.16 , epoch time: 1.839309
Epoch :  190 	 train loss: 2.2597 ,test loss: 2.3083 , test acc.: 0.16 , epoch time: 1.838442
Epoch :  200 	 train loss: 2.1484 ,test loss: 2.2363 , test acc.: 0.17 , epoch time: 1.837522
Epoch :  210 	 train loss: 2.1016 ,test loss: 2.2190 , test acc.: 0.17 , epoch time: 1.836672
Epoch :  220 	 train loss: 2.1122 ,test loss: 2.2336 , test acc.: 0.17 , epoch time: 1.836058
Epoch :  230 	 train loss: 2.0273 ,test loss: 2.2111 , test acc.: 0.17 , epoch time: 1.835366
Epoch :  240 	 train loss: 2.0136 ,test loss: 2.1633 , test acc.: 0.18 , epoch time: 1.834695
Epoch :  250 	 train loss: 1.9705 ,test loss: 2.1669 , test acc.: 0.18 , epoch time: 1.834233
Epoch :  260 	 train loss: 1.9224 ,test loss: 2.1529 , test acc.: 0.19 , epoch time: 1.833678
Epoch :  270 	 train loss: 1.8913 ,test loss: 2.1643 , test acc.: 0.19 , epoch time: 1.833117
Epoch :  280 	 train loss: 1.8600 ,test loss: 2.1568 , test acc.: 0.19 , epoch time: 1.832767
Epoch :  290 	 train loss: 1.8462 ,test loss: 2.1569 , test acc.: 0.19 , epoch time: 1.832311
Epoch :  300 	 train loss: 1.8408 ,test loss: 2.1561 , test acc.: 0.20 , epoch time: 1.831886
[END] 2026-03-21 15:44:37 return_code=0
