[START] 2026-03-21 11:31:50
[INFO] hostname=dhler2u03-fat
[INFO] repo_dir=/mnt/beegfs/2a/mb12724/theory-language-modelling
[INFO] run_script=/mnt/beegfs/2a/mb12724/theory-language-modelling/run_rhm_transformer_single.py
[INFO] output_dir=/mnt/beegfs/2a/mb12724/theory-language-modelling/results/rhm_transformer_single
[INFO] train_size=32768
[INFO] test_size=32768
[INFO] batch_size=128
[INFO] max_epochs=300
[INFO] seed_rules=0
[INFO] seed_sample=0
[INFO] seed_model=0
[INFO] device=cuda
[INFO] conda_env_name=theory-lm
[INFO] python_bin=python
[INFO] which_python=/home/2a/mb12724/miniconda3/envs/theory-lm/bin/python
[INFO] python_version=Python 3.10.20
[INFO] cuda_visible_devices=GPU-84587d46-ca8a-5dec-0076-a78f23c532dd
[INFO] nvidia-smi:
Sat Mar 21 11:31:50 2026       
+-----------------------------------------------------------------------------+
| NVIDIA-SMI 470.57.02    Driver Version: 470.57.02    CUDA Version: 11.4     |
|-------------------------------+----------------------+----------------------+
| GPU  Name        Persistence-M| Bus-Id        Disp.A | Volatile Uncorr. ECC |
| Fan  Temp  Perf  Pwr:Usage/Cap|         Memory-Usage | GPU-Util  Compute M. |
|                               |                      |               MIG M. |
|===============================+======================+======================|
|   0  Tesla V100-SXM2...  On   | 00000000:3B:00.0 Off |                    0 |
| N/A   32C    P0    40W / 300W |     15MiB / 32510MiB |      0%      Default |
|                               |                      |                  N/A |
+-------------------------------+----------------------+----------------------+
                                                                               
+-----------------------------------------------------------------------------+
| Processes:                                                                  |
|  GPU   GI   CI        PID   Type   Process name                  GPU Memory |
|        ID   ID                                                   Usage      |
|=============================================================================|
|    0   N/A  N/A      2351      G   /usr/libexec/Xorg                  14MiB |
+-----------------------------------------------------------------------------+
[CMD] python -u /mnt/beegfs/2a/mb12724/theory-language-modelling/run_rhm_transformer_single.py --repo_dir /mnt/beegfs/2a/mb12724/theory-language-modelling --output_dir /mnt/beegfs/2a/mb12724/theory-language-modelling/results/rhm_transformer_single --python_bin python --device cuda --train_size 32768 --test_size 32768 --batch_size 128 --max_epochs 300 --seed_rules 0 --seed_sample 0 --seed_model 0 --tag paper_L3_s2_v32_m8
[RUN] launching single RHM transformer training
[INFO] Running one RHM transformer training
[INFO] repo_dir=/mnt/beegfs/2a/mb12724/theory-language-modelling
[INFO] output_dir=/mnt/beegfs/2a/mb12724/theory-language-modelling/results/rhm_transformer_single
[INFO] outname=/mnt/beegfs/2a/mb12724/theory-language-modelling/results/rhm_transformer_single/paper_L3_s2_v32_m8_P32768_sr0_ss0_sm0.pkl
[INFO] effective_batch_size=128
[CMD] python -u /mnt/beegfs/2a/mb12724/theory-language-modelling/main.py --device cuda --dataset rhm --mode masked --num_features 32 --num_classes 32 --num_synonyms 8 --tuple_size 2 --num_layers 3 --seed_rules 0 --num_tokens 8 --train_size 32768 --batch_size 128 --test_size 32768 --seed_sample 0 --input_format onehot --whitening 0 --model transformer_mla --depth 3 --num_heads 16 --embedding_dim 512 --seed_model 0 --lr 0.01 --optim adam --scheduler warmup --scheduler_time 10 --max_epochs 300 --print_freq 10 --save_freq 25 --loss_threshold 0.001 --outname /mnt/beegfs/2a/mb12724/theory-language-modelling/results/rhm_transformer_single/paper_L3_s2_v32_m8_P32768_sr0_ss0_sm0.pkl
[INFO] OMP_NUM_THREADS=4
[INFO] MKL_NUM_THREADS=1
Traceback (most recent call last):
  File "/mnt/beegfs/2a/mb12724/theory-language-modelling/main.py", line 166, in <module>
    run( args)
  File "/mnt/beegfs/2a/mb12724/theory-language-modelling/main.py", line 40, in run
    train_loader, test_loader = init.init_data( args)
  File "/mnt/beegfs/2a/mb12724/theory-language-modelling/init.py", line 98, in init_data
    dataset.features, dataset.labels = dataset.features.to(args.device), dataset.labels.to(args.device)	# move to device when using cuda
  File "/home/2a/mb12724/miniconda3/envs/theory-lm/lib/python3.10/site-packages/torch/cuda/__init__.py", line 319, in _lazy_init
    torch._C._cuda_init()
RuntimeError: The NVIDIA driver on your system is too old (found version 11040). Please update your GPU driver by downloading and installing a new version from the URL: http://www.nvidia.com/Download/index.aspx Alternatively, go to: https://pytorch.org to install a PyTorch version that has been compiled with your version of the CUDA driver.
Traceback (most recent call last):
  File "/mnt/beegfs/2a/mb12724/theory-language-modelling/run_rhm_transformer_single.py", line 146, in <module>
    main()
  File "/mnt/beegfs/2a/mb12724/theory-language-modelling/run_rhm_transformer_single.py", line 142, in main
    subprocess.run(cmd, cwd=args.repo_dir, check=True, env=env)
  File "/home/2a/mb12724/miniconda3/envs/theory-lm/lib/python3.10/subprocess.py", line 526, in run
    raise CalledProcessError(retcode, process.args,
subprocess.CalledProcessError: Command '['python', '-u', '/mnt/beegfs/2a/mb12724/theory-language-modelling/main.py', '--device', 'cuda', '--dataset', 'rhm', '--mode', 'masked', '--num_features', '32', '--num_classes', '32', '--num_synonyms', '8', '--tuple_size', '2', '--num_layers', '3', '--seed_rules', '0', '--num_tokens', '8', '--train_size', '32768', '--batch_size', '128', '--test_size', '32768', '--seed_sample', '0', '--input_format', 'onehot', '--whitening', '0', '--model', 'transformer_mla', '--depth', '3', '--num_heads', '16', '--embedding_dim', '512', '--seed_model', '0', '--lr', '0.01', '--optim', 'adam', '--scheduler', 'warmup', '--scheduler_time', '10', '--max_epochs', '300', '--print_freq', '10', '--save_freq', '25', '--loss_threshold', '0.001', '--outname', '/mnt/beegfs/2a/mb12724/theory-language-modelling/results/rhm_transformer_single/paper_L3_s2_v32_m8_P32768_sr0_ss0_sm0.pkl']' returned non-zero exit status 1.
